This is pdfTeX, Version 3.14159265-2.6-1.40.21 (MiKTeX 2.9.7440 64-bit) (preloaded format=pdflatex 2020.6.4)  14 JUL 2020 17:04
entering extended mode
**./main-report.tex
(main-report.tex
LaTeX2e <2020-02-02> patch level 5
L3 programming layer <2020-05-15>
("C:\Users\Trung Hau\AppData\Local\Programs\MiKTeX 2.9\tex/latex/base\report.cl
s"
Document Class: report 2019/12/20 v1.4l Standard LaTeX document class

("C:\Users\Trung Hau\AppData\Local\Programs\MiKTeX 2.9\tex/latex/base\size10.cl
o"
File: size10.clo 2019/12/20 v1.4l Standard LaTeX file (size option)
)
\c@part=\count167
\c@chapter=\count168
\c@section=\count169
\c@subsection=\count170
\c@subsubsection=\count171
\c@paragraph=\count172
\c@subparagraph=\count173
\c@figure=\count174
\c@table=\count175
\abovecaptionskip=\skip47
\belowcaptionskip=\skip48
\bibindent=\dimen134
)
("C:\Users\Trung Hau\AppData\Local\Programs\MiKTeX 2.9\tex/latex/vntex/tex/late
x\vietnam.sty"
Package: vietnam 2009/07/12 v1.3 support for Vietnamese

("C:\Users\Trung Hau\AppData\Local\Programs\MiKTeX 2.9\tex/latex/base\ifthen.st
y"
Package: ifthen 2014/09/29 v1.1c Standard LaTeX ifthen package (DPC)
)
("C:\Users\Trung Hau\AppData\Local\Programs\MiKTeX 2.9\tex/latex/base\fontenc.s
ty"
Package: fontenc 2020/02/11 v2.0o Standard LaTeX package

("C:\Users\Trung Hau\AppData\Local\Programs\MiKTeX 2.9\tex/latex/vntex/tex/late
x\t5enc.def"
File: t5enc.def 2006/11/21 v1.4 Vietnamese T5 encoding
Now handling font encoding T5 ...
... processing UTF-8 mapping file for font encoding T5

("C:\Users\Trung Hau\AppData\Local\Programs\MiKTeX 2.9\tex/latex/vntex/tex/late
x\t5enc.dfu"
File: t5enc.dfu 2006/08/19 v1.1 UTF8 support for Vietnamese
   defining Unicode char U+00AB (decimal 171)
   defining Unicode char U+00BB (decimal 187)
   defining Unicode char U+00C0 (decimal 192)
   defining Unicode char U+00C1 (decimal 193)
   defining Unicode char U+00C2 (decimal 194)
   defining Unicode char U+00C3 (decimal 195)
   defining Unicode char U+00C8 (decimal 200)
   defining Unicode char U+00C9 (decimal 201)
   defining Unicode char U+00CA (decimal 202)
   defining Unicode char U+00CC (decimal 204)
   defining Unicode char U+00CD (decimal 205)
   defining Unicode char U+00D2 (decimal 210)
   defining Unicode char U+00D3 (decimal 211)
   defining Unicode char U+00D4 (decimal 212)
   defining Unicode char U+00D5 (decimal 213)
   defining Unicode char U+00D9 (decimal 217)
   defining Unicode char U+00DA (decimal 218)
   defining Unicode char U+00DD (decimal 221)
   defining Unicode char U+00E0 (decimal 224)
   defining Unicode char U+00E1 (decimal 225)
   defining Unicode char U+00E2 (decimal 226)
   defining Unicode char U+00E3 (decimal 227)
   defining Unicode char U+00E8 (decimal 232)
   defining Unicode char U+00E9 (decimal 233)
   defining Unicode char U+00EA (decimal 234)
   defining Unicode char U+00EC (decimal 236)
   defining Unicode char U+00ED (decimal 237)
   defining Unicode char U+00F2 (decimal 242)
   defining Unicode char U+00F3 (decimal 243)
   defining Unicode char U+00F4 (decimal 244)
   defining Unicode char U+00F5 (decimal 245)
   defining Unicode char U+00F9 (decimal 249)
   defining Unicode char U+00FA (decimal 250)
   defining Unicode char U+00FD (decimal 253)
   defining Unicode char U+0102 (decimal 258)
   defining Unicode char U+0103 (decimal 259)
   defining Unicode char U+0110 (decimal 272)
   defining Unicode char U+0111 (decimal 273)
   defining Unicode char U+0128 (decimal 296)
   defining Unicode char U+0129 (decimal 297)
   defining Unicode char U+0131 (decimal 305)
   defining Unicode char U+0168 (decimal 360)
   defining Unicode char U+0169 (decimal 361)
   defining Unicode char U+01A0 (decimal 416)
   defining Unicode char U+01A1 (decimal 417)
   defining Unicode char U+01AF (decimal 431)
   defining Unicode char U+01B0 (decimal 432)
   defining Unicode char U+1EA0 (decimal 7840)
   defining Unicode char U+1EA1 (decimal 7841)
   defining Unicode char U+1EA2 (decimal 7842)
   defining Unicode char U+1EA3 (decimal 7843)
   defining Unicode char U+1EA4 (decimal 7844)
   defining Unicode char U+1EA5 (decimal 7845)
   defining Unicode char U+1EA6 (decimal 7846)
   defining Unicode char U+1EA7 (decimal 7847)
   defining Unicode char U+1EA8 (decimal 7848)
   defining Unicode char U+1EA9 (decimal 7849)
   defining Unicode char U+1EAA (decimal 7850)
   defining Unicode char U+1EAB (decimal 7851)
   defining Unicode char U+1EAC (decimal 7852)
   defining Unicode char U+1EAD (decimal 7853)
   defining Unicode char U+1EAE (decimal 7854)
   defining Unicode char U+1EAF (decimal 7855)
   defining Unicode char U+1EB0 (decimal 7856)
   defining Unicode char U+1EB1 (decimal 7857)
   defining Unicode char U+1EB2 (decimal 7858)
   defining Unicode char U+1EB3 (decimal 7859)
   defining Unicode char U+1EB4 (decimal 7860)
   defining Unicode char U+1EB5 (decimal 7861)
   defining Unicode char U+1EB6 (decimal 7862)
   defining Unicode char U+1EB7 (decimal 7863)
   defining Unicode char U+1EB8 (decimal 7864)
   defining Unicode char U+1EB9 (decimal 7865)
   defining Unicode char U+1EBA (decimal 7866)
   defining Unicode char U+1EBB (decimal 7867)
   defining Unicode char U+1EBC (decimal 7868)
   defining Unicode char U+1EBD (decimal 7869)
   defining Unicode char U+1EBE (decimal 7870)
   defining Unicode char U+1EBF (decimal 7871)
   defining Unicode char U+1EC0 (decimal 7872)
   defining Unicode char U+1EC1 (decimal 7873)
   defining Unicode char U+1EC2 (decimal 7874)
   defining Unicode char U+1EC3 (decimal 7875)
   defining Unicode char U+1EC4 (decimal 7876)
   defining Unicode char U+1EC5 (decimal 7877)
   defining Unicode char U+1EC6 (decimal 7878)
   defining Unicode char U+1EC7 (decimal 7879)
   defining Unicode char U+1EC8 (decimal 7880)
   defining Unicode char U+1EC9 (decimal 7881)
   defining Unicode char U+1ECA (decimal 7882)
   defining Unicode char U+1ECB (decimal 7883)
   defining Unicode char U+1ECC (decimal 7884)
   defining Unicode char U+1ECD (decimal 7885)
   defining Unicode char U+1ECE (decimal 7886)
   defining Unicode char U+1ECF (decimal 7887)
   defining Unicode char U+1ED0 (decimal 7888)
   defining Unicode char U+1ED1 (decimal 7889)
   defining Unicode char U+1ED2 (decimal 7890)
   defining Unicode char U+1ED3 (decimal 7891)
   defining Unicode char U+1ED4 (decimal 7892)
   defining Unicode char U+1ED5 (decimal 7893)
   defining Unicode char U+1ED6 (decimal 7894)
   defining Unicode char U+1ED7 (decimal 7895)
   defining Unicode char U+1ED8 (decimal 7896)
   defining Unicode char U+1ED9 (decimal 7897)
   defining Unicode char U+1EDA (decimal 7898)
   defining Unicode char U+1EDB (decimal 7899)
   defining Unicode char U+1EDC (decimal 7900)
   defining Unicode char U+1EDD (decimal 7901)
   defining Unicode char U+1EDE (decimal 7902)
   defining Unicode char U+1EDF (decimal 7903)
   defining Unicode char U+1EE0 (decimal 7904)
   defining Unicode char U+1EE1 (decimal 7905)
   defining Unicode char U+1EE2 (decimal 7906)
   defining Unicode char U+1EE3 (decimal 7907)
   defining Unicode char U+1EE4 (decimal 7908)
   defining Unicode char U+1EE5 (decimal 7909)
   defining Unicode char U+1EE6 (decimal 7910)
   defining Unicode char U+1EE7 (decimal 7911)
   defining Unicode char U+1EE8 (decimal 7912)
   defining Unicode char U+1EE9 (decimal 7913)
   defining Unicode char U+1EEA (decimal 7914)
   defining Unicode char U+1EEB (decimal 7915)
   defining Unicode char U+1EEC (decimal 7916)
   defining Unicode char U+1EED (decimal 7917)
   defining Unicode char U+1EEE (decimal 7918)
   defining Unicode char U+1EEF (decimal 7919)
   defining Unicode char U+1EF0 (decimal 7920)
   defining Unicode char U+1EF1 (decimal 7921)
   defining Unicode char U+1EF2 (decimal 7922)
   defining Unicode char U+1EF3 (decimal 7923)
   defining Unicode char U+1EF4 (decimal 7924)
   defining Unicode char U+1EF5 (decimal 7925)
   defining Unicode char U+1EF6 (decimal 7926)
   defining Unicode char U+1EF7 (decimal 7927)
   defining Unicode char U+1EF8 (decimal 7928)
   defining Unicode char U+1EF9 (decimal 7929)
   defining Unicode char U+200C (decimal 8204)
   defining Unicode char U+2013 (decimal 8211)
   defining Unicode char U+2014 (decimal 8212)
   defining Unicode char U+2018 (decimal 8216)
   defining Unicode char U+2019 (decimal 8217)
   defining Unicode char U+201A (decimal 8218)
   defining Unicode char U+201C (decimal 8220)
   defining Unicode char U+201D (decimal 8221)
   defining Unicode char U+201E (decimal 8222)
   defining Unicode char U+2030 (decimal 8240)
   defining Unicode char U+2031 (decimal 8241)
   defining Unicode char U+2039 (decimal 8249)
   defining Unicode char U+203A (decimal 8250)
   defining Unicode char U+2423 (decimal 9251)
))
LaTeX Font Info:    Trying to load font information for T5+cmr on input line 11
2.

("C:\Users\Trung Hau\AppData\Local\Programs\MiKTeX 2.9\tex/latex/vntex/tex/late
x\t5cmr.fd"
File: t5cmr.fd 1999/05/25 v2.5h Standard LaTeX font definitions
))
("C:\Users\Trung Hau\AppData\Local\Programs\MiKTeX 2.9\tex/latex/base\inputenc.
sty"
Package: inputenc 2018/08/11 v1.3c Input encoding file
\inpenc@prehook=\toks15
\inpenc@posthook=\toks16
)
("C:\Users\Trung Hau\AppData\Local\Programs\MiKTeX 2.9\tex/latex/vntex/tex/late
x\vncaps.tex"
File: vncaps.tex 2006/06/07 v1.1 Captions in Vietnamese
))
("C:\Users\Trung Hau\AppData\Local\Programs\MiKTeX 2.9\tex/latex/geometry\geome
try.sty"
Package: geometry 2020/01/02 v5.9 Page Geometry

("C:\Users\Trung Hau\AppData\Local\Programs\MiKTeX 2.9\tex/latex/graphics\keyva
l.sty"
Package: keyval 2014/10/28 v1.15 key=value parser (DPC)
\KV@toks@=\toks17
)
("C:\Users\Trung Hau\AppData\Local\Programs\MiKTeX 2.9\tex/generic/iftex\ifvtex
.sty"
Package: ifvtex 2019/10/25 v1.7 ifvtex legacy package. Use iftex instead.

("C:\Users\Trung Hau\AppData\Local\Programs\MiKTeX 2.9\tex/generic/iftex\iftex.
sty"
Package: iftex 2020/03/06 v1.0d TeX engine tests
))
\Gm@cnth=\count176
\Gm@cntv=\count177
\c@Gm@tempcnt=\count178
\Gm@bindingoffset=\dimen135
\Gm@wd@mp=\dimen136
\Gm@odd@mp=\dimen137
\Gm@even@mp=\dimen138
\Gm@layoutwidth=\dimen139
\Gm@layoutheight=\dimen140
\Gm@layouthoffset=\dimen141
\Gm@layoutvoffset=\dimen142
\Gm@dimlist=\toks18

("C:\Users\Trung Hau\AppData\Local\Programs\MiKTeX 2.9\tex/latex/geometry\geome
try.cfg"))
("C:\Users\Trung Hau\AppData\Local\Programs\MiKTeX 2.9\tex/latex/graphics\graph
icx.sty"
Package: graphicx 2019/11/30 v1.2a Enhanced LaTeX Graphics (DPC,SPQR)

("C:\Users\Trung Hau\AppData\Local\Programs\MiKTeX 2.9\tex/latex/graphics\graph
ics.sty"
Package: graphics 2019/11/30 v1.4a Standard LaTeX Graphics (DPC,SPQR)

("C:\Users\Trung Hau\AppData\Local\Programs\MiKTeX 2.9\tex/latex/graphics\trig.
sty"
Package: trig 2016/01/03 v1.10 sin cos tan (DPC)
)
("C:\Users\Trung Hau\AppData\Local\Programs\MiKTeX 2.9\tex/latex/graphics-cfg\g
raphics.cfg"
File: graphics.cfg 2016/06/04 v1.11 sample graphics configuration
)
Package graphics Info: Driver file: pdftex.def on input line 105.

("C:\Users\Trung Hau\AppData\Local\Programs\MiKTeX 2.9\tex/latex/graphics-def\p
dftex.def"
File: pdftex.def 2018/01/08 v1.0l Graphics/color driver for pdftex
))
\Gin@req@height=\dimen143
\Gin@req@width=\dimen144
)
("C:\Users\Trung Hau\AppData\Local\Programs\MiKTeX 2.9\tex/latex/fancybox\fancy
box.sty"
Package: fancybox 2010/05/15 1.4

Style option: `fancybox' v1.4 <2010/05/15> (tvz)
\@fancybox=\box45
\shadowsize=\dimen145
\@Sbox=\box46
\do@VerbBox=\toks19
\the@fancyput=\toks20
\this@fancyput=\toks21
\EndVerbatimTokens=\toks22
\Verbatim@Outfile=\write3
\Verbatim@Infile=\read2
)
("C:\Users\Trung Hau\AppData\Local\Programs\MiKTeX 2.9\tex/latex/tools\indentfi
rst.sty"
Package: indentfirst 1995/11/23 v1.03 Indent first paragraph (DPC)
)
("C:\Users\Trung Hau\AppData\Local\Programs\MiKTeX 2.9\tex/latex/amscls\amsthm.
sty"
Package: amsthm 2020/05/29 v2.20.6
\thm@style=\toks23
\thm@bodyfont=\toks24
\thm@headfont=\toks25
\thm@notefont=\toks26
\thm@headpunct=\toks27
\thm@preskip=\skip49
\thm@postskip=\skip50
\thm@headsep=\skip51
\dth@everypar=\toks28
)
("C:\Users\Trung Hau\AppData\Local\Programs\MiKTeX 2.9\tex/latex/base\latexsym.
sty"
Package: latexsym 1998/08/17 v2.2e Standard LaTeX package (lasy symbols)
\symlasy=\mathgroup4
LaTeX Font Info:    Overwriting symbol font `lasy' in version `bold'
(Font)                  U/lasy/m/n --> U/lasy/b/n on input line 52.
)
("C:\Users\Trung Hau\AppData\Local\Programs\MiKTeX 2.9\tex/latex/amsmath\amsmat
h.sty"
Package: amsmath 2020/01/20 v2.17e AMS math features
\@mathmargin=\skip52

For additional information on amsmath, use the `?' option.

("C:\Users\Trung Hau\AppData\Local\Programs\MiKTeX 2.9\tex/latex/amsmath\amstex
t.sty"
Package: amstext 2000/06/29 v2.01 AMS text

("C:\Users\Trung Hau\AppData\Local\Programs\MiKTeX 2.9\tex/latex/amsmath\amsgen
.sty"
File: amsgen.sty 1999/11/30 v2.0 generic functions
\@emptytoks=\toks29
\ex@=\dimen146
))
("C:\Users\Trung Hau\AppData\Local\Programs\MiKTeX 2.9\tex/latex/amsmath\amsbsy
.sty"
Package: amsbsy 1999/11/29 v1.2d Bold Symbols
\pmbraise@=\dimen147
)
("C:\Users\Trung Hau\AppData\Local\Programs\MiKTeX 2.9\tex/latex/amsmath\amsopn
.sty"
Package: amsopn 2016/03/08 v2.02 operator names
)
\inf@bad=\count179
LaTeX Info: Redefining \frac on input line 227.
\uproot@=\count180
\leftroot@=\count181
LaTeX Info: Redefining \overline on input line 389.
\classnum@=\count182
\DOTSCASE@=\count183
LaTeX Info: Redefining \ldots on input line 486.
LaTeX Info: Redefining \dots on input line 489.
LaTeX Info: Redefining \cdots on input line 610.
\Mathstrutbox@=\box47
\strutbox@=\box48
\big@size=\dimen148
LaTeX Font Info:    Redeclaring font encoding OML on input line 733.
LaTeX Font Info:    Redeclaring font encoding OMS on input line 734.
\macc@depth=\count184
\c@MaxMatrixCols=\count185
\dotsspace@=\muskip16
\c@parentequation=\count186
\dspbrk@lvl=\count187
\tag@help=\toks30
\row@=\count188
\column@=\count189
\maxfields@=\count190
\andhelp@=\toks31
\eqnshift@=\dimen149
\alignsep@=\dimen150
\tagshift@=\dimen151
\tagwidth@=\dimen152
\totwidth@=\dimen153
\lineht@=\dimen154
\@envbody=\toks32
\multlinegap=\skip53
\multlinetaggap=\skip54
\mathdisplay@stack=\toks33
LaTeX Info: Redefining \[ on input line 2859.
LaTeX Info: Redefining \] on input line 2860.
)
("C:\Users\Trung Hau\AppData\Local\Programs\MiKTeX 2.9\tex/latex/amsfonts\amssy
mb.sty"
Package: amssymb 2013/01/14 v3.01 AMS font symbols

("C:\Users\Trung Hau\AppData\Local\Programs\MiKTeX 2.9\tex/latex/amsfonts\amsfo
nts.sty"
Package: amsfonts 2013/01/14 v3.01 Basic AMSFonts support
\symAMSa=\mathgroup5
\symAMSb=\mathgroup6
LaTeX Font Info:    Redeclaring math symbol \hbar on input line 98.
LaTeX Font Info:    Overwriting math alphabet `\mathfrak' in version `bold'
(Font)                  U/euf/m/n --> U/euf/b/n on input line 106.
))
("C:\Users\Trung Hau\AppData\Local\Programs\MiKTeX 2.9\tex/latex/psnfss\times.s
ty"
Package: times 2020/03/25 PSNFSS-v9.3 (SPQR) 
)
("C:\Users\Trung Hau\AppData\Local\Programs\MiKTeX 2.9\tex/latex/tools\array.st
y"
Package: array 2019/08/31 v2.4l Tabular extension package (FMi)
\col@sep=\dimen155
\ar@mcellbox=\box49
\extrarowheight=\dimen156
\NC@list=\toks34
\extratabsurround=\skip55
\backup@length=\skip56
\ar@cellbox=\box50
)
("C:\Users\Trung Hau\AppData\Local\Programs\MiKTeX 2.9\tex/latex/enumitem\enumi
tem.sty"
Package: enumitem 2019/06/20 v3.9 Customized lists
\labelindent=\skip57
\enit@outerparindent=\dimen157
\enit@toks=\toks35
\enit@inbox=\box51
\enit@count@id=\count191
\enitdp@description=\count192
)
("C:\Users\Trung Hau\AppData\Local\Programs\MiKTeX 2.9\tex/latex/subfiles\subfi
les.sty"
Package: subfiles 2020/02/14 v1.6 Multi-file projects (package)

("C:\Users\Trung Hau\AppData\Local\Programs\MiKTeX 2.9\tex/latex/import\import.
sty"
Package: import 2020/04/01  v 6.2
))
("C:\Users\Trung Hau\AppData\Local\Programs\MiKTeX 2.9\tex/latex/titlesec\title
sec.sty"
Package: titlesec 2019/10/16 v2.13 Sectioning titles
\ttl@box=\box52
\beforetitleunit=\skip58
\aftertitleunit=\skip59
\ttl@plus=\dimen158
\ttl@minus=\dimen159
\ttl@toksa=\toks36
\titlewidth=\dimen160
\titlewidthlast=\dimen161
\titlewidthfirst=\dimen162
)
("C:\Users\Trung Hau\AppData\Local\Programs\MiKTeX 2.9\tex/latex/chngcntr\chngc
ntr.sty"
Package: chngcntr 2018/04/09 v1.1a change counter resetting
Package chngcntr Info: \counterwithout already defined.
(chngcntr)             Quitting chngcntr on input line 21.
)
("C:\Users\Trung Hau\AppData\Local\Programs\MiKTeX 2.9\tex/latex/pdflscape\pdfl
scape.sty"
Package: pdflscape 2019/12/05 v0.12 Display of landscape pages in PDF (HO)

("C:\Users\Trung Hau\AppData\Local\Programs\MiKTeX 2.9\tex/latex/graphics\lscap
e.sty"
Package: lscape 2000/10/22 v3.01 Landscape Pages (DPC)
)
Package pdflscape Info: Auto-detected driver: pdftex on input line 81.
)
("C:\Users\Trung Hau\AppData\Local\Programs\MiKTeX 2.9\tex/latex/tools\afterpag
e.sty"
Package: afterpage 2014/10/28 v1.08 After-Page Package (DPC)
\AP@output=\toks37
\AP@partial=\box53
\AP@footins=\box54
)
("C:\Users\Trung Hau\AppData\Local\Programs\MiKTeX 2.9\tex/latex/capt-of\capt-o
f.sty"
Package: capt-of 2009/12/29 v0.2 standard captions outside of floats
)
("C:\Users\Trung Hau\AppData\Local\Programs\MiKTeX 2.9\tex/latex/multirow\multi
row.sty"
Package: multirow 2019/05/31 v2.5 Span multiple rows of a table
\multirow@colwidth=\skip60
\multirow@cntb=\count193
\multirow@dima=\skip61
\bigstrutjot=\dimen163
)
("C:\Users\Trung Hau\AppData\Local\Programs\MiKTeX 2.9\tex/latex/fancyhdr\fancy
hdr.sty"
Package: fancyhdr 2019/01/31 v3.10 Extensive control of page headers and footer
s
\f@nch@headwidth=\skip62
\f@nch@O@elh=\skip63
\f@nch@O@erh=\skip64
\f@nch@O@olh=\skip65
\f@nch@O@orh=\skip66
\f@nch@O@elf=\skip67
\f@nch@O@erf=\skip68
\f@nch@O@olf=\skip69
\f@nch@O@orf=\skip70
)
("C:\Users\Trung Hau\AppData\Local\Programs\MiKTeX 2.9\tex/latex/biblatex\bibla
tex.sty"
Package: biblatex 2019/12/01 v3.14 programmable bibliographies (PK/MW)

("C:\Users\Trung Hau\AppData\Local\Programs\MiKTeX 2.9\tex/latex/pdftexcmds\pdf
texcmds.sty"
Package: pdftexcmds 2019/11/24 v0.31 Utility functions of pdfTeX for LuaTeX (HO
)

("C:\Users\Trung Hau\AppData\Local\Programs\MiKTeX 2.9\tex/generic/infwarerr\in
fwarerr.sty"
Package: infwarerr 2019/12/03 v1.5 Providing info/warning/error messages (HO)
)
("C:\Users\Trung Hau\AppData\Local\Programs\MiKTeX 2.9\tex/generic/ltxcmds\ltxc
mds.sty"
Package: ltxcmds 2019/12/15 v1.24 LaTeX kernel commands for general use (HO)
)
Package pdftexcmds Info: \pdf@primitive is available.
Package pdftexcmds Info: \pdf@ifprimitive is available.
Package pdftexcmds Info: \pdfdraftmode found.
)
("C:\Users\Trung Hau\AppData\Local\Programs\MiKTeX 2.9\tex/latex/etoolbox\etool
box.sty"
Package: etoolbox 2019/09/21 v2.5h e-TeX tools for LaTeX (JAW)
\etb@tempcnta=\count194
)
("C:\Users\Trung Hau\AppData\Local\Programs\MiKTeX 2.9\tex/latex/kvoptions\kvop
tions.sty"
Package: kvoptions 2019/11/29 v3.13 Key value format for package options (HO)

("C:\Users\Trung Hau\AppData\Local\Programs\MiKTeX 2.9\tex/generic/kvsetkeys\kv
setkeys.sty"
Package: kvsetkeys 2019/12/15 v1.18 Key value parser (HO)
))
("C:\Users\Trung Hau\AppData\Local\Programs\MiKTeX 2.9\tex/latex/logreq\logreq.
sty"
Package: logreq 2010/08/04 v1.0 xml request logger
\lrq@indent=\count195

("C:\Users\Trung Hau\AppData\Local\Programs\MiKTeX 2.9\tex/latex/logreq\logreq.
def"
File: logreq.def 2010/08/04 v1.0 logreq spec v1.0
))
("C:\Users\Trung Hau\AppData\Local\Programs\MiKTeX 2.9\tex/latex/url\url.sty"
\Urlmuskip=\muskip17
Package: url 2013/09/16  ver 3.4  Verb mode for urls, etc.
)
\c@tabx@nest=\count196
\c@listtotal=\count197
\c@listcount=\count198
\c@liststart=\count199
\c@liststop=\count266
\c@citecount=\count267
\c@citetotal=\count268
\c@multicitecount=\count269
\c@multicitetotal=\count270
\c@instcount=\count271
\c@maxnames=\count272
\c@minnames=\count273
\c@maxitems=\count274
\c@minitems=\count275
\c@citecounter=\count276
\c@maxcitecounter=\count277
\c@savedcitecounter=\count278
\c@uniquelist=\count279
\c@uniquename=\count280
\c@refsection=\count281
\c@refsegment=\count282
\c@maxextratitle=\count283
\c@maxextratitleyear=\count284
\c@maxextraname=\count285
\c@maxextradate=\count286
\c@maxextraalpha=\count287
\c@abbrvpenalty=\count288
\c@highnamepenalty=\count289
\c@lownamepenalty=\count290
\c@maxparens=\count291
\c@parenlevel=\count292
\blx@tempcnta=\count293
\blx@tempcntb=\count294
\blx@tempcntc=\count295
\blx@maxsection=\count296
\blx@maxsegment@0=\count297
\blx@notetype=\count298
\blx@parenlevel@text=\count299
\blx@parenlevel@foot=\count300
\blx@sectionciteorder@0=\count301
\blx@entrysetcounter=\count302
\labelnumberwidth=\skip71
\labelalphawidth=\skip72
\biblabelsep=\skip73
\bibitemsep=\skip74
\bibnamesep=\skip75
\bibinitsep=\skip76
\bibparsep=\skip77
\bibhang=\skip78
\blx@bcfin=\read3
\blx@bcfout=\write4
\blx@langwohyphens=\language78
\c@mincomprange=\count303
\c@maxcomprange=\count304
\c@mincompwidth=\count305
Package biblatex Info: Trying to load biblatex default data model...
Package biblatex Info: ... file 'blx-dm.def' found.

("C:\Users\Trung Hau\AppData\Local\Programs\MiKTeX 2.9\tex/latex/biblatex\blx-d
m.def"
File: blx-dm.def 2019/12/01 v3.14 biblatex localization (PK/MW)
)
Package biblatex Info: Trying to load biblatex style data model...
Package biblatex Info: ... file 'ieee.dbx' not found.
Package biblatex Info: Trying to load biblatex custom data model...
Package biblatex Info: ... file 'biblatex-dm.cfg' not found.
\c@afterword=\count306
\c@savedafterword=\count307
\c@annotator=\count308
\c@savedannotator=\count309
\c@author=\count310
\c@savedauthor=\count311
\c@bookauthor=\count312
\c@savedbookauthor=\count313
\c@commentator=\count314
\c@savedcommentator=\count315
\c@editor=\count316
\c@savededitor=\count317
\c@editora=\count318
\c@savededitora=\count319
\c@editorb=\count320
\c@savededitorb=\count321
\c@editorc=\count322
\c@savededitorc=\count323
\c@foreword=\count324
\c@savedforeword=\count325
\c@holder=\count326
\c@savedholder=\count327
\c@introduction=\count328
\c@savedintroduction=\count329
\c@namea=\count330
\c@savednamea=\count331
\c@nameb=\count332
\c@savednameb=\count333
\c@namec=\count334
\c@savednamec=\count335
\c@translator=\count336
\c@savedtranslator=\count337
\c@shortauthor=\count338
\c@savedshortauthor=\count339
\c@shorteditor=\count340
\c@savedshorteditor=\count341
\c@labelname=\count342
\c@savedlabelname=\count343
\c@institution=\count344
\c@savedinstitution=\count345
\c@lista=\count346
\c@savedlista=\count347
\c@listb=\count348
\c@savedlistb=\count349
\c@listc=\count350
\c@savedlistc=\count351
\c@listd=\count352
\c@savedlistd=\count353
\c@liste=\count354
\c@savedliste=\count355
\c@listf=\count356
\c@savedlistf=\count357
\c@location=\count358
\c@savedlocation=\count359
\c@organization=\count360
\c@savedorganization=\count361
\c@origlocation=\count362
\c@savedoriglocation=\count363
\c@origpublisher=\count364
\c@savedorigpublisher=\count365
\c@publisher=\count366
\c@savedpublisher=\count367
\c@language=\count368
\c@savedlanguage=\count369
\c@origlanguage=\count370
\c@savedoriglanguage=\count371
\c@pageref=\count372
\c@savedpageref=\count373
\shorthandwidth=\skip79
\shortjournalwidth=\skip80
\shortserieswidth=\skip81
\shorttitlewidth=\skip82
\shortauthorwidth=\skip83
\shorteditorwidth=\skip84
\locallabelnumberwidth=\skip85
\locallabelalphawidth=\skip86
\localshorthandwidth=\skip87
\localshortjournalwidth=\skip88
\localshortserieswidth=\skip89
\localshorttitlewidth=\skip90
\localshortauthorwidth=\skip91
\localshorteditorwidth=\skip92
Package biblatex Info: Trying to load compatibility code...
Package biblatex Info: ... file 'blx-compat.def' found.

("C:\Users\Trung Hau\AppData\Local\Programs\MiKTeX 2.9\tex/latex/biblatex\blx-c
ompat.def"
File: blx-compat.def 2019/12/01 v3.14 biblatex compatibility (PK/MW)
)
Package biblatex Info: Trying to load generic definitions...
Package biblatex Info: ... file 'biblatex.def' found.

("C:\Users\Trung Hau\AppData\Local\Programs\MiKTeX 2.9\tex/latex/biblatex\bibla
tex.def"
File: biblatex.def 2019/12/01 v3.14 biblatex compatibility (PK/MW)
\c@textcitecount=\count374
\c@textcitetotal=\count375
\c@textcitemaxnames=\count376
\c@biburlbigbreakpenalty=\count377
\c@biburlbreakpenalty=\count378
\c@biburlnumpenalty=\count379
\c@biburlucpenalty=\count380
\c@biburllcpenalty=\count381
\biburlbigskip=\muskip18
\biburlnumskip=\muskip19
\biburlucskip=\muskip20
\biburllcskip=\muskip21
\c@smartand=\count382
)
Package biblatex Info: Trying to load natbib compatibility...
Package biblatex Info: ... file 'blx-natbib.def' found.

("C:\Users\Trung Hau\AppData\Local\Programs\MiKTeX 2.9\tex/latex/biblatex\blx-n
atbib.def"
File: blx-natbib.def 2019/12/01 v3.14 biblatex compatibility (PK/MW)
Package biblatex Info: Delimiter 'nameyeardelim' in context '' already defined,
 overwriting.
)
Package biblatex Info: Trying to load bibliography style 'ieee'...
Package biblatex Info: ... file 'ieee.bbx' found.

("C:\Users\Trung Hau\AppData\Local\Programs\MiKTeX 2.9\tex/latex/biblatex-ieee\
ieee.bbx"
File: ieee.bbx 2020/02/26 v1.3b biblatex bibliography style
Package biblatex Info: Trying to load bibliography style 'numeric-comp'...
Package biblatex Info: ... file 'numeric-comp.bbx' found.

("C:\Users\Trung Hau\AppData\Local\Programs\MiKTeX 2.9\tex/latex/biblatex/bbx\n
umeric-comp.bbx"
File: numeric-comp.bbx 2019/12/01 v3.14 biblatex bibliography style (PK/MW)
Package biblatex Info: Trying to load bibliography style 'numeric'...
Package biblatex Info: ... file 'numeric.bbx' found.

("C:\Users\Trung Hau\AppData\Local\Programs\MiKTeX 2.9\tex/latex/biblatex/bbx\n
umeric.bbx"
File: numeric.bbx 2019/12/01 v3.14 biblatex bibliography style (PK/MW)
Package biblatex Info: Trying to load bibliography style 'standard'...
Package biblatex Info: ... file 'standard.bbx' found.

("C:\Users\Trung Hau\AppData\Local\Programs\MiKTeX 2.9\tex/latex/biblatex/bbx\s
tandard.bbx"
File: standard.bbx 2019/12/01 v3.14 biblatex bibliography style (PK/MW)
\c@bbx:relatedcount=\count383
\c@bbx:relatedtotal=\count384
))))
Package biblatex Info: Trying to load citation style 'ieee'...
Package biblatex Info: ... file 'ieee.cbx' found.

("C:\Users\Trung Hau\AppData\Local\Programs\MiKTeX 2.9\tex/latex/biblatex-ieee\
ieee.cbx"
File: ieee.cbx 2020/02/26 v1.3b biblatex citation style
Package biblatex Info: Trying to load citation style 'numeric-comp'...
Package biblatex Info: ... file 'numeric-comp.cbx' found.

("C:\Users\Trung Hau\AppData\Local\Programs\MiKTeX 2.9\tex/latex/biblatex/cbx\n
umeric-comp.cbx"
File: numeric-comp.cbx 2019/12/01 v3.14 biblatex citation style (PK/MW)
\c@cbx@tempcnta=\count385
\c@cbx@tempcntb=\count386
Package biblatex Info: Redefining '\cite'.
Package biblatex Info: Redefining '\parencite'.
Package biblatex Info: Redefining '\footcite'.
Package biblatex Info: Redefining '\footcitetext'.
Package biblatex Info: Redefining '\smartcite'.
Package biblatex Info: Redefining '\supercite'.
Package biblatex Info: Redefining '\textcite'.
Package biblatex Info: Redefining '\textcites'.
Package biblatex Info: Redefining '\cites'.
Package biblatex Info: Redefining '\parencites'.
Package biblatex Info: Redefining '\smartcites'.
)
Package biblatex Info: Redefining '\cite'.
Package biblatex Info: Redefining '\cites'.
)
Package biblatex Info: Trying to load configuration file...
Package biblatex Info: ... file 'biblatex.cfg' found.

("C:\Users\Trung Hau\AppData\Local\Programs\MiKTeX 2.9\tex/latex/biblatex\bibla
tex.cfg"
File: biblatex.cfg 
))
("C:\Users\Trung Hau\AppData\Local\Programs\MiKTeX 2.9\tex/latex/glossaries/bas
e\glossaries.sty"
Package: glossaries 2020/03/19 v4.46 (NLCT)

("C:\Users\Trung Hau\AppData\Local\Programs\MiKTeX 2.9\tex/latex/xkeyval\xkeyva
l.sty"
Package: xkeyval 2014/12/03 v2.7a package option processing (HA)

("C:\Users\Trung Hau\AppData\Local\Programs\MiKTeX 2.9\tex/generic/xkeyval\xkey
val.tex"
("C:\Users\Trung Hau\AppData\Local\Programs\MiKTeX 2.9\tex/generic/xkeyval\xkvu
tils.tex"
\XKV@toks=\toks38
\XKV@tempa@toks=\toks39
)
\XKV@depth=\count387
File: xkeyval.tex 2014/12/03 v2.7a key=value parser (HA)
))
("C:\Users\Trung Hau\AppData\Local\Programs\MiKTeX 2.9\tex/latex/mfirstuc\mfirs
tuc.sty"
Package: mfirstuc 2017/11/14 v2.06 (NLCT)
\@glsmfirst=\toks40
\@glsmrest=\toks41
)
("C:\Users\Trung Hau\AppData\Local\Programs\MiKTeX 2.9\tex/latex/textcase\textc
ase.sty"
Package: textcase 2019/09/14 v1.00 Text only upper/lower case changing (DPC)
)
("C:\Users\Trung Hau\AppData\Local\Programs\MiKTeX 2.9\tex/latex/xfor\xfor.sty"
Package: xfor 2009/02/05 v1.05 (NLCT)
)
("C:\Users\Trung Hau\AppData\Local\Programs\MiKTeX 2.9\tex/latex/datatool\datat
ool-base.sty"
Package: datatool-base 2019/09/27 v2.32 (NLCT)

("C:\Users\Trung Hau\AppData\Local\Programs\MiKTeX 2.9\tex/latex/substr\substr.
sty"
Package: substr 2009/10/20 v1.2 Handle substrings
\c@su@anzahl=\count388
)
("C:\Users\Trung Hau\AppData\Local\Programs\MiKTeX 2.9\tex/latex/datatool\datat
ool-fp.sty"
Package: datatool-fp 2019/09/27 v2.32 (NLCT)

("C:\Users\Trung Hau\AppData\Local\Programs\MiKTeX 2.9\tex/latex/fp\fp.sty"
Package: fp 1995/04/02

`Fixed Point Package', Version 0.8, April 2, 1995 (C) Michael Mehlich
("C:\Users\Trung Hau\AppData\Local\Programs\MiKTeX 2.9\tex/latex/fp\defpattern.
sty"
Package: defpattern 1994/10/12
\actioncount=\count389
)
("C:\Users\Trung Hau\AppData\Local\Programs\MiKTeX 2.9\tex/latex/fp\fp-basic.st
y"
Package: fp-basic 1996/05/13
\FP@xs=\count390
\FP@xia=\count391
\FP@xib=\count392
\FP@xfa=\count393
\FP@xfb=\count394
\FP@rega=\count395
\FP@regb=\count396
\FP@regs=\count397
\FP@times=\count398
)
("C:\Users\Trung Hau\AppData\Local\Programs\MiKTeX 2.9\tex/latex/fp\fp-addons.s
ty"
Package: fp-addons 1995/03/15
)
("C:\Users\Trung Hau\AppData\Local\Programs\MiKTeX 2.9\tex/latex/fp\fp-snap.sty
"
Package: fp-snap 1995/04/05
)
("C:\Users\Trung Hau\AppData\Local\Programs\MiKTeX 2.9\tex/latex/fp\fp-exp.sty"
Package: fp-exp 1995/04/03
)
("C:\Users\Trung Hau\AppData\Local\Programs\MiKTeX 2.9\tex/latex/fp\fp-trigo.st
y"
Package: fp-trigo 1995/04/14
)
("C:\Users\Trung Hau\AppData\Local\Programs\MiKTeX 2.9\tex/latex/fp\fp-pas.sty"
Package: fp-pas 1994/08/29
)
("C:\Users\Trung Hau\AppData\Local\Programs\MiKTeX 2.9\tex/latex/fp\fp-random.s
ty"
Package: fp-random 1995/02/23
\FPseed=\count399
)
("C:\Users\Trung Hau\AppData\Local\Programs\MiKTeX 2.9\tex/latex/fp\fp-eqn.sty"
Package: fp-eqn 1995/04/03
) ("C:\Users\Trung Hau\AppData\Local\Programs\MiKTeX 2.9\tex/latex/fp\fp-upn.st
y"
Package: fp-upn 1996/10/21
)
("C:\Users\Trung Hau\AppData\Local\Programs\MiKTeX 2.9\tex/latex/fp\fp-eval.sty
"
Package: fp-eval 1995/04/03
)))
\@dtl@toks=\toks42
\@dtl@tmpcount=\count400
\dtl@tmplength=\skip93
\dtl@sortresult=\count401
\@dtl@numgrpsepcount=\count402
\@dtl@datatype=\count403
\dtl@codeA=\count404
\dtl@codeB=\count405
\@dtl@foreach@level=\count406
)
("C:\Users\Trung Hau\AppData\Local\Programs\MiKTeX 2.9\tex/latex/glossaries/bas
e\glossaries-compatible-307.sty"
Package: glossaries-compatible-307 2020/03/19 v4.46 (NLCT)
)
\gls@level=\count407
\@gls@tmpb=\toks43
\gls@tmplen=\skip94
\glskeylisttok=\toks44
\glslabeltok=\toks45
\glsshorttok=\toks46
\glslongtok=\toks47

("C:\Users\Trung Hau\AppData\Local\Programs\MiKTeX 2.9\tex/latex/glossaries/sty
les\glossary-hypernav.sty"
Package: glossary-hypernav 2020/03/19 v4.46 (NLCT)
)
("C:\Users\Trung Hau\AppData\Local\Programs\MiKTeX 2.9\tex/latex/glossaries/sty
les\glossary-list.sty"
Package: glossary-list 2020/03/19 v4.46 (NLCT)
\glslistdottedwidth=\skip95
)
("C:\Users\Trung Hau\AppData\Local\Programs\MiKTeX 2.9\tex/latex/glossaries/sty
les\glossary-long.sty"
Package: glossary-long 2020/03/19 v4.46 (NLCT)

("C:\Users\Trung Hau\AppData\Local\Programs\MiKTeX 2.9\tex/latex/tools\longtabl
e.sty"
Package: longtable 2020/01/07 v4.13 Multi-page Table package (DPC)
\LTleft=\skip96
\LTright=\skip97
\LTpre=\skip98
\LTpost=\skip99
\LTchunksize=\count408
\LTcapwidth=\dimen164
\LT@head=\box55
\LT@firsthead=\box56
\LT@foot=\box57
\LT@lastfoot=\box58
\LT@cols=\count409
\LT@rows=\count410
\c@LT@tables=\count411
\c@LT@chunks=\count412
\LT@p@ftn=\toks48
)
\glsdescwidth=\skip100
\glspagelistwidth=\skip101
)
("C:\Users\Trung Hau\AppData\Local\Programs\MiKTeX 2.9\tex/latex/glossaries/sty
les\glossary-super.sty"
Package: glossary-super 2020/03/19 v4.46 (NLCT)

("C:\Users\Trung Hau\AppData\Local\Programs\MiKTeX 2.9\tex/latex/supertabular\s
upertabular.sty"
Package: supertabular 2020/02/02 v4.1g the supertabular environment
\c@tracingst=\count413
\ST@wd=\dimen165
\ST@rightskip=\skip102
\ST@leftskip=\skip103
\ST@parfillskip=\skip104
\ST@pageleft=\dimen166
\ST@headht=\dimen167
\ST@tailht=\dimen168
\ST@pagesofar=\dimen169
\ST@pboxht=\dimen170
\ST@lineht=\dimen171
\ST@prevht=\dimen172
\ST@toadd=\dimen173
\ST@dimen=\dimen174
\ST@pbox=\box59
))
("C:\Users\Trung Hau\AppData\Local\Programs\MiKTeX 2.9\tex/latex/glossaries/sty
les\glossary-tree.sty"
Package: glossary-tree 2020/03/19 v4.46 (NLCT)
\glstreeindent=\skip105
))
("C:\Users\Trung Hau\AppData\Local\Programs\MiKTeX 2.9\tex/latex/glossaries/sty
les\glossary-superragged.sty"
Package: glossary-superragged 2020/03/19 v4.46 (NLCT)
)
("C:\Users\Trung Hau\AppData\Local\Programs\MiKTeX 2.9\tex/latex/setspace\setsp
ace.sty"
Package: setspace 2011/12/19 v6.7a set line spacing
)
("C:\Users\Trung Hau\AppData\Local\Programs\MiKTeX 2.9\tex/latex/parskip\parski
p.sty"
Package: parskip 2020-05-19 v2.0e non-zero parskip adjustments
)
("C:\Users\Trung Hau\AppData\Local\Programs\MiKTeX 2.9\tex/latex/wrapfig\wrapfi
g.sty"
\wrapoverhang=\dimen175
\WF@size=\dimen176
\c@WF@wrappedlines=\count414
\WF@box=\box60
\WF@everypar=\toks49
Package: wrapfig 2003/01/31  v 3.6
)
\@input{lstlisting.aux}
\openout2 = `lstlisting.aux'.

(lstlisting.tex
("C:\Users\Trung Hau\AppData\Local\Programs\MiKTeX 2.9\tex/latex/listings\listi
ngs.sty"
\lst@mode=\count415
\lst@gtempboxa=\box61
\lst@token=\toks50
\lst@length=\count416
\lst@currlwidth=\dimen177
\lst@column=\count417
\lst@pos=\count418
\lst@lostspace=\dimen178
\lst@width=\dimen179
\lst@newlines=\count419
\lst@lineno=\count420
\lst@maxwidth=\dimen180

("C:\Users\Trung Hau\AppData\Local\Programs\MiKTeX 2.9\tex/latex/listings\lstmi
sc.sty"
File: lstmisc.sty 2020/03/24 1.8d (Carsten Heinz)
\c@lstnumber=\count421
\lst@skipnumbers=\count422
\lst@framebox=\box62
)
("C:\Users\Trung Hau\AppData\Local\Programs\MiKTeX 2.9\tex/latex/listings\listi
ngs.cfg"
File: listings.cfg 2020/03/24 1.8d listings configuration
))
Package: listings 2020/03/24 1.8d (Carsten Heinz)

("C:\Users\Trung Hau\AppData\Local\Programs\MiKTeX 2.9\tex/latex/base\textcomp.
sty"
Package: textcomp 2020/02/02 v2.0n Standard LaTeX package
)
("C:\Users\Trung Hau\AppData\Local\Programs\MiKTeX 2.9\tex/latex/graphics\color
.sty"
Package: color 2019/11/23 v1.2a Standard LaTeX Color (DPC)

("C:\Users\Trung Hau\AppData\Local\Programs\MiKTeX 2.9\tex/latex/graphics-cfg\c
olor.cfg"
File: color.cfg 2016/01/02 v1.6 sample color configuration
)
Package color Info: Driver file: pdftex.def on input line 147.
)
("C:\Users\Trung Hau\AppData\Local\Programs\MiKTeX 2.9\tex/latex/lstaddons\lsta
utogobble.sty"
Package: lstautogobble 2012/05/03 v0.1 Implements 'autogobble' option for 'list
ings'
\lstag@spacecount=\count423
)) (glossary/main.tex)
("C:\Users\Trung Hau\AppData\Local\Programs\MiKTeX 2.9\tex/latex/hyperref\hyper
ref.sty"
Package: hyperref 2020-05-15 v7.00e Hypertext links for LaTeX

("C:\Users\Trung Hau\AppData\Local\Programs\MiKTeX 2.9\tex/generic/kvdefinekeys
\kvdefinekeys.sty"
Package: kvdefinekeys 2019-12-19 v1.6 Define keys (HO)
)
("C:\Users\Trung Hau\AppData\Local\Programs\MiKTeX 2.9\tex/generic/pdfescape\pd
fescape.sty"
Package: pdfescape 2019/12/09 v1.15 Implements pdfTeX's escape features (HO)
)
("C:\Users\Trung Hau\AppData\Local\Programs\MiKTeX 2.9\tex/latex/hycolor\hycolo
r.sty"
Package: hycolor 2020-01-27 v1.10 Color options for hyperref/bookmark (HO)
)
("C:\Users\Trung Hau\AppData\Local\Programs\MiKTeX 2.9\tex/latex/letltxmacro\le
tltxmacro.sty"
Package: letltxmacro 2019/12/03 v1.6 Let assignment for LaTeX macros (HO)
)
("C:\Users\Trung Hau\AppData\Local\Programs\MiKTeX 2.9\tex/latex/auxhook\auxhoo
k.sty"
Package: auxhook 2019-12-17 v1.6 Hooks for auxiliary files (HO)
)
\@linkdim=\dimen181
\Hy@linkcounter=\count424
\Hy@pagecounter=\count425

("C:\Users\Trung Hau\AppData\Local\Programs\MiKTeX 2.9\tex/latex/hyperref\pd1en
c.def"
File: pd1enc.def 2020-05-15 v7.00e Hyperref: PDFDocEncoding definition (HO)
Now handling font encoding PD1 ...
... no UTF-8 mapping file for font encoding PD1
)
("C:\Users\Trung Hau\AppData\Local\Programs\MiKTeX 2.9\tex/generic/intcalc\intc
alc.sty"
Package: intcalc 2019/12/15 v1.3 Expandable calculations with integers (HO)
)
("C:\Users\Trung Hau\AppData\Local\Programs\MiKTeX 2.9\tex/generic/etexcmds\ete
xcmds.sty"
Package: etexcmds 2019/12/15 v1.7 Avoid name clashes with e-TeX commands (HO)
)
\Hy@SavedSpaceFactor=\count426
Package hyperref Info: Option `bookmarks' set `true' on input line 4338.
Package hyperref Info: Option `colorlinks' set `false' on input line 4338.
Package hyperref Info: Option `unicode' set `true' on input line 4338.

("C:\Users\Trung Hau\AppData\Local\Programs\MiKTeX 2.9\tex/latex/hyperref\puenc
.def"
File: puenc.def 2020-05-15 v7.00e Hyperref: PDF Unicode definition (HO)
Now handling font encoding PU ...
... no UTF-8 mapping file for font encoding PU
)
("C:\Users\Trung Hau\AppData\Local\Programs\MiKTeX 2.9\tex/generic/stringenc\st
ringenc.sty"
Package: stringenc 2019/11/29 v1.12 Convert strings between diff. encodings (HO
)
)
Package hyperref Info: Option `unicode' set `true' on input line 4338.
Package hyperref Info: Option `pdffitwindow' set `true' on input line 4338.
Package hyperref Info: Option `pdftoolbar' set `false' on input line 4338.
Package hyperref Info: Option `pdfmenubar' set `false' on input line 4338.
Package hyperref Info: Hyper figures OFF on input line 4464.
Package hyperref Info: Link nesting OFF on input line 4469.
Package hyperref Info: Hyper index ON on input line 4472.
Package hyperref Info: Plain pages OFF on input line 4479.
Package hyperref Info: Backreferencing OFF on input line 4484.
Package hyperref Info: Implicit mode ON; LaTeX internals redefined.
Package hyperref Info: Bookmarks ON on input line 4717.
\c@Hy@tempcnt=\count427
LaTeX Info: Redefining \url on input line 5076.
\XeTeXLinkMargin=\dimen182

("C:\Users\Trung Hau\AppData\Local\Programs\MiKTeX 2.9\tex/generic/bitset\bitse
t.sty"
Package: bitset 2019/12/09 v1.3 Handle bit-vector datatype (HO)

("C:\Users\Trung Hau\AppData\Local\Programs\MiKTeX 2.9\tex/generic/bigintcalc\b
igintcalc.sty"
Package: bigintcalc 2019/12/15 v1.5 Expandable calculations on big integers (HO
)
))
\Fld@menulength=\count428
\Field@Width=\dimen183
\Fld@charsize=\dimen184
Package hyperref Info: Hyper figures OFF on input line 6347.
Package hyperref Info: Link nesting OFF on input line 6352.
Package hyperref Info: Hyper index ON on input line 6355.
Package hyperref Info: backreferencing OFF on input line 6362.
Package hyperref Info: Link coloring OFF on input line 6367.
Package hyperref Info: Link coloring with OCG OFF on input line 6372.
Package hyperref Info: PDF/A mode OFF on input line 6377.
LaTeX Info: Redefining \ref on input line 6417.
LaTeX Info: Redefining \pageref on input line 6421.

("C:\Users\Trung Hau\AppData\Local\Programs\MiKTeX 2.9\tex/generic/atbegshi\atb
egshi.sty"
Package: atbegshi 2019/12/05 v1.19 At begin shipout hook (HO)
)
\Hy@abspage=\count429
\c@Item=\count430
\c@Hfootnote=\count431
)
Package hyperref Info: Driver: hpdftex.

("C:\Users\Trung Hau\AppData\Local\Programs\MiKTeX 2.9\tex/latex/hyperref\hpdft
ex.def"
File: hpdftex.def 2020-05-15 v7.00e Hyperref driver for pdfTeX

("C:\Users\Trung Hau\AppData\Local\Programs\MiKTeX 2.9\tex/latex/atveryend\atve
ryend.sty"
Package: atveryend 2019-12-11 v1.11 Hooks at the very end of document (HO)
Package atveryend Info: \AP@enddocument detected (standard20110627).
)
\Fld@listcount=\count432
\c@bookmark@seq@number=\count433

("C:\Users\Trung Hau\AppData\Local\Programs\MiKTeX 2.9\tex/latex/rerunfilecheck
\rerunfilecheck.sty"
Package: rerunfilecheck 2019/12/05 v1.9 Rerun checks for auxiliary files (HO)

("C:\Users\Trung Hau\AppData\Local\Programs\MiKTeX 2.9\tex/generic/uniquecounte
r\uniquecounter.sty"
Package: uniquecounter 2019/12/15 v1.4 Provide unlimited unique counter (HO)
)
Package uniquecounter Info: New unique counter `rerunfilecheck' on input line 2
86.
)
\Hy@SectionHShift=\skip106
)
("C:\Users\Trung Hau\AppData\Local\Programs\MiKTeX 2.9\tex/latex/oberdiek\hypca
p.sty"
Package: hypcap 2016/05/16 v1.12 Adjusting the anchors of captions (HO)
)
\c@example=\count434
\@quotelevel=\count435
\@quotereset=\count436

("C:\Users\Trung Hau\AppData\Local\Programs\MiKTeX 2.9\tex/latex/l3backend\l3ba
ckend-pdfmode.def"
File: l3backend-pdfmode.def 2020-05-05 L3 backend support: PDF mode
\l__kernel_color_stack_int=\count437
\l__pdf_internal_box=\box63
)

LaTeX Warning: Unused global option(s):
    [13pt].

(main-report.aux

LaTeX Warning: Label `fig:E2E' multiply defined.

)
\openout1 = `main-report.aux'.

LaTeX Font Info:    Checking defaults for OML/cmm/m/it on input line 101.
LaTeX Font Info:    ... okay on input line 101.
LaTeX Font Info:    Checking defaults for OMS/cmsy/m/n on input line 101.
LaTeX Font Info:    ... okay on input line 101.
LaTeX Font Info:    Checking defaults for OT1/cmr/m/n on input line 101.
LaTeX Font Info:    ... okay on input line 101.
LaTeX Font Info:    Checking defaults for T1/cmr/m/n on input line 101.
LaTeX Font Info:    ... okay on input line 101.
LaTeX Font Info:    Checking defaults for TS1/cmr/m/n on input line 101.
LaTeX Font Info:    ... okay on input line 101.
LaTeX Font Info:    Checking defaults for OMX/cmex/m/n on input line 101.
LaTeX Font Info:    ... okay on input line 101.
LaTeX Font Info:    Checking defaults for U/cmr/m/n on input line 101.
LaTeX Font Info:    ... okay on input line 101.
LaTeX Font Info:    Checking defaults for T5/cmr/m/n on input line 101.
LaTeX Font Info:    ... okay on input line 101.
LaTeX Font Info:    Checking defaults for PD1/pdf/m/n on input line 101.
LaTeX Font Info:    ... okay on input line 101.
LaTeX Font Info:    Checking defaults for PU/pdf/m/n on input line 101.
LaTeX Font Info:    ... okay on input line 101.
LaTeX Font Info:    Trying to load font information for T5+ptm on input line 10
1.

("C:\Users\Trung Hau\AppData\Local\Programs\MiKTeX 2.9\tex/latex/vntex/tex/late
x\t5ptm.fd"
File: t5utm.fd 2005/08/24 Fontinst v1.929 font definitions for T5/ptm.
)
*geometry* driver: auto-detecting
*geometry* detected driver: pdftex
*geometry* verbose mode - [ preamble ] result:
* driver: pdftex
* paper: a4paper
* layout: <same size as paper>
* layoutoffset:(h,v)=(0.0pt,0.0pt)
* modes: 
* h-part:(L,W,R)=(99.58464pt, 441.01773pt, 56.9055pt)
* v-part:(T,H,B)=(85.35826pt, 660.10394pt, 99.58464pt)
* \paperwidth=597.50787pt
* \paperheight=845.04684pt
* \textwidth=441.01773pt
* \textheight=660.10394pt
* \oddsidemargin=27.31465pt
* \evensidemargin=27.31465pt
* \topmargin=-23.91173pt
* \headheight=14.0pt
* \headsep=25.0pt
* \topskip=10.0pt
* \footskip=30.0pt
* \marginparwidth=57.0pt
* \marginparsep=11.0pt
* \columnsep=10.0pt
* \skip\footins=9.0pt plus 4.0pt minus 2.0pt
* \hoffset=0.0pt
* \voffset=0.0pt
* \mag=1000
* \@twocolumnfalse
* \@twosidefalse
* \@mparswitchfalse
* \@reversemarginfalse
* (1in=72.27pt=25.4mm, 1cm=28.453pt)


("C:\Users\Trung Hau\AppData\Local\Programs\MiKTeX 2.9\tex/context/base/mkii\su
pp-pdf.mkii"
[Loading MPS to PDF converter (version 2006.09.02).]
\scratchcounter=\count438
\scratchdimen=\dimen185
\scratchbox=\box64
\nofMPsegments=\count439
\nofMParguments=\count440
\everyMPshowfont=\toks51
\MPscratchCnt=\count441
\MPscratchDim=\dimen186
\MPnumerator=\count442
\makeMPintoPDFobject=\count443
\everyMPtoPDFconversion=\toks52
)
("C:\Users\Trung Hau\AppData\Local\Programs\MiKTeX 2.9\tex/latex/epstopdf-pkg\e
pstopdf-base.sty"
Package: epstopdf-base 2020-01-24 v2.11 Base part for package epstopdf

("C:\Users\Trung Hau\AppData\Local\Programs\MiKTeX 2.9\tex/latex/grfext\grfext.
sty"
Package: grfext 2019/12/03 v1.3 Manage graphics extensions (HO)
)
Package epstopdf-base Info: Redefining graphics rule for `.eps' on input line 4
85.
Package grfext Info: Graphics extension search list:
(grfext)             [.pdf,.png,.jpg,.mps,.jpeg,.jbig2,.jb2,.PDF,.PNG,.JPG,.JPE
G,.JBIG2,.JB2,.eps]
(grfext)             \AppendGraphicsExtensions on input line 504.
)
Package biblatex Info: Trying to load language 'english'...
Package biblatex Info: ... file 'english.lbx' found.

("C:\Users\Trung Hau\AppData\Local\Programs\MiKTeX 2.9\tex/latex/biblatex/lbx\e
nglish.lbx"
File: english.lbx 2019/12/01 v3.14 biblatex localization (PK/MW)
)
Package biblatex Info: Input encoding 'utf8' detected.
Package biblatex Info: Automatic encoding selection.
(biblatex)             Assuming data encoding 'utf8'.
\openout4 = `main-report.bcf'.

Package biblatex Info: Trying to load bibliographic data...
Package biblatex Info: ... file 'main-report.bbl' found.
 (main-report.bbl)
Package biblatex Info: Reference section=0 on input line 101.
Package biblatex Info: Reference segment=0 on input line 101.
\c@lstlisting=\count444
\AtBeginShipoutBox=\box65
Package hyperref Info: Link coloring OFF on input line 101.

("C:\Users\Trung Hau\AppData\Local\Programs\MiKTeX 2.9\tex/latex/hyperref\namer
ef.sty"
Package: nameref 2019/09/16 v2.46 Cross-referencing by name of section

("C:\Users\Trung Hau\AppData\Local\Programs\MiKTeX 2.9\tex/latex/refcount\refco
unt.sty"
Package: refcount 2019/12/15 v3.6 Data extraction from label references (HO)
)
("C:\Users\Trung Hau\AppData\Local\Programs\MiKTeX 2.9\tex/generic/gettitlestri
ng\gettitlestring.sty"
Package: gettitlestring 2019/12/15 v1.6 Cleanup title references (HO)
)
\c@section@level=\count445
)
LaTeX Info: Redefining \ref on input line 101.
LaTeX Info: Redefining \pageref on input line 101.
LaTeX Info: Redefining \nameref on input line 101.
 (main-report.out) (main-report.out)
\@outlinefile=\write5
\openout5 = `main-report.out'.

*geometry* verbose mode - [ newgeometry ] result:
* driver: pdftex
* paper: a4paper
* layout: <same size as paper>
* layoutoffset:(h,v)=(0.0pt,0.0pt)
* modes: 
* h-part:(L,W,R)=(56.9055pt, 489.38733pt, 51.21504pt)
* v-part:(T,H,B)=(56.9055pt, 731.23584pt, 56.9055pt)
* \paperwidth=597.50787pt
* \paperheight=845.04684pt
* \textwidth=489.38733pt
* \textheight=731.23584pt
* \oddsidemargin=-15.36449pt
* \evensidemargin=-15.36449pt
* \topmargin=-54.36449pt
* \headheight=14.0pt
* \headsep=25.0pt
* \topskip=10.0pt
* \footskip=30.0pt
* \marginparwidth=57.0pt
* \marginparsep=11.0pt
* \columnsep=10.0pt
* \skip\footins=9.0pt plus 4.0pt minus 2.0pt
* \hoffset=0.0pt
* \voffset=0.0pt
* \mag=1000
* \@twocolumnfalse
* \@twosidefalse
* \@mparswitchfalse
* \@reversemarginfalse
* (1in=72.27pt=25.4mm, 1cm=28.453pt)

 (pages/Cover.tex
[1




{C:/Users/Trung Hau/AppData/Local/MiKTeX/2.9/pdftex/config/pdftex.map}]
[2]) (pages/ListOfBoard.tex) [1


] (pages/Acknowledgement.tex)pdfTeX warning (ext4): destination with the same i
dentifier (name{page.}) has been already used, duplicate ignored
<to be read again> 
                   \relax 
l.115 \newpage
               [1

] (main-report.toc
LaTeX Font Info:    Trying to load font information for U+lasy on input line 15
.

("C:\Users\Trung Hau\AppData\Local\Programs\MiKTeX 2.9\tex/latex/base\ulasy.fd"
File: ulasy.fd 1998/08/17 v2.2e LaTeX symbol font definitions
)
LaTeX Font Info:    Trying to load font information for U+msa on input line 15.


("C:\Users\Trung Hau\AppData\Local\Programs\MiKTeX 2.9\tex/latex/amsfonts\umsa.
fd"
File: umsa.fd 2013/01/14 v3.01 AMS symbols A
)
LaTeX Font Info:    Trying to load font information for U+msb on input line 15.


("C:\Users\Trung Hau\AppData\Local\Programs\MiKTeX 2.9\tex/latex/amsfonts\umsb.
fd"
File: umsb.fd 2013/01/14 v3.01 AMS symbols B
)pdfTeX warning (ext4): destination with the same identifier (name{page.}) has 
been already used, duplicate ignored
<to be read again> 
                   \relax 
l.61 ...2}Về phía Client}{18}{subsection.3.1.2}
                                                  % [1

]pdfTeX warning (ext4): destination with the same identifier (name{page.}) has 
been already used, duplicate ignored
<to be read again> 
                   \relax 
l.147 ...2}Khuyết điểm}{47}{subsection.5.2.2}
                                                  % [2])
\tf@toc=\write6
\openout6 = `main-report.toc'.

pdfTeX warning (ext4): destination with the same identifier (name{page.}) has b
een already used, duplicate ignored
<to be read again> 
                   \relax 
l.119 \newpage
               [3] (main-report.lofpdfTeX warning (ext4): destination with the 
same identifier (name{page.}) has been already used, duplicate ignored
<to be read again> 
                   \relax 
l.83 ...ng chi phí giao dịch}}{39}{figure.4.17}
                                                  % [1


])
\tf@lof=\write7
\openout7 = `main-report.lof'.

pdfTeX warning (ext4): destination with the same identifier (name{page.}) has b
een already used, duplicate ignored
<to be read again> 
                   \relax 
l.124 \clearpage
                 [2] (main-report.lot)
\tf@lot=\write8
\openout8 = `main-report.lot'.


Using TeX to sort glossary entries---this may take a while
pdfTeX warning (ext4): destination with the same identifier (name{page.}) has b
een already used, duplicate ignored
<to be read again> 
                   \relax 
l.139 \newpage
               [1


]pdfTeX warning (ext4): destination with the same identifier (name{page.}) has 
been already used, duplicate ignored
<to be read again> 
                   \relax 
l.139 \newpage
               [2


]
Using TeX to sort glossary entries---this may take a while
pdfTeX warning (ext4): destination with the same identifier (name{page.}) has b
een already used, duplicate ignored
<to be read again> 
                   \relax 
l.145 \newpage
               [1


] (pages/Summarize.tex
LaTeX Font Info:    Trying to load font information for TS1+ptm on input line 1
1.

("C:\Users\Trung Hau\AppData\Local\Programs\MiKTeX 2.9\tex/latex/psnfss\ts1ptm.
fd"
File: ts1ptm.fd 2001/06/04 font definitions for TS1/ptm.
))pdfTeX warning (ext4): destination with the same identifier (name{page.1}) ha
s been already used, duplicate ignored
<to be read again> 
                   \relax 
l.149 \newpage
               [1

]
Ch\uhorn \ohorn ng 1.
(chapters/chap1_mo_dau.tex
<figures/E2E.png, id=546, 462.528pt x 215.00325pt>
File: figures/E2E.png Graphic file (type png)
<use figures/E2E.png>
Package pdftex.def Info: figures/E2E.png  used on input line 13.
(pdftex.def)             Requested size: 300.63962pt x 139.75044pt.


LaTeX Warning: Citation '1' on page 2 undefined on input line 18.


LaTeX Warning: Citation '2' on page 2 undefined on input line 18.


LaTeX Warning: Citation '3' on page 2 undefined on input line 18.

pdfTeX warning (ext4): destination with the same identifier (name{page.2}) has 
been already used, duplicate ignored
<to be read again> 
                   \relax 
l.19 
      [2

]
<figures/SRTP.png, id=550, 560.0925pt x 264.23718pt>
File: figures/SRTP.png Graphic file (type png)
<use figures/SRTP.png>
Package pdftex.def Info: figures/SRTP.png  used on input line 26.
(pdftex.def)             Requested size: 392.06207pt x 184.96475pt.
<figures/ZRTP.png, id=552, 344.03531pt x 230.36063pt>
File: figures/ZRTP.png Graphic file (type png)
<use figures/ZRTP.png>
Package pdftex.def Info: figures/ZRTP.png  used on input line 36.
(pdftex.def)             Requested size: 292.4314pt x 195.80743pt.


LaTeX Warning: Citation '4' on page 3 undefined on input line 41.


LaTeX Warning: Citation '5' on page 3 undefined on input line 41.

[3 <./figures/E2E.png> <./figures/SRTP.png>]

LaTeX Warning: Citation '6' on page 4 undefined on input line 43.

<figures/MLS-base.png, id=558, 848.57025pt x 387.24675pt>
File: figures/MLS-base.png Graphic file (type png)
<use figures/MLS-base.png>
Package pdftex.def Info: figures/MLS-base.png  used on input line 48.
(pdftex.def)             Requested size: 424.28409pt x 193.6229pt.
[4 <./figures/ZRTP.png>]) [5 <./figures/MLS-base.png>]
Ch\uhorn \ohorn ng 2.
(chapters/chap2_tong_quan.tex

LaTeX Warning: Citation '7' on page 6 undefined on input line 6.


LaTeX Warning: Citation '8' on page 6 undefined on input line 6.


LaTeX Warning: Citation '9' on page 6 undefined on input line 6.

<figures/E2EApp.jpg, id=568, 542.025pt x 304.13625pt>
File: figures/E2EApp.jpg Graphic file (type jpg)
<use figures/E2EApp.jpg>
Package pdftex.def Info: figures/E2EApp.jpg  used on input line 11.
(pdftex.def)             Requested size: 352.31207pt x 197.6862pt.
[6

 <./figures/E2EApp.jpg>]

LaTeX Warning: Citation '10' on page 7 undefined on input line 29.


LaTeX Warning: Citation '11' on page 7 undefined on input line 29.


LaTeX Warning: Citation '12' on page 7 undefined on input line 29.


LaTeX Warning: Citation '13' on page 7 undefined on input line 31.


LaTeX Warning: Citation '14' on page 7 undefined on input line 33.


LaTeX Warning: Citation '15' on page 7 undefined on input line 33.

[7]

LaTeX Warning: Citation '16' on page 8 undefined on input line 38.


LaTeX Warning: Citation '17' on page 8 undefined on input line 42.

[8]
<figures/Add1.png, id=582, 697.4055pt x 248.127pt>
File: figures/Add1.png Graphic file (type png)
<use figures/Add1.png>
Package pdftex.def Info: figures/Add1.png  used on input line 66.
(pdftex.def)             Requested size: 453.3082pt x 161.28062pt.
<figures/Add2.png, id=583, 432.4155pt x 407.72325pt>
File: figures/Add2.png Graphic file (type png)
<use figures/Add2.png>
Package pdftex.def Info: figures/Add2.png  used on input line 67.
(pdftex.def)             Requested size: 432.41444pt x 407.72224pt.

Overfull \hbox (12.29047pt too wide) in paragraph at lines 66--68
 [] 
 []


LaTeX Warning: `!h' float specifier changed to `!ht'.

<figures/Update.png, id=586, 742.57425pt x 338.4645pt>
File: figures/Update.png Graphic file (type png)
<use figures/Update.png>
Package pdftex.def Info: figures/Update.png  used on input line 81.
(pdftex.def)             Requested size: 482.66754pt x 219.99931pt.

Overfull \hbox (41.64981pt too wide) in paragraph at lines 81--82
 [] 
 []


LaTeX Warning: `!h' float specifier changed to `!ht'.

<figures/Remove.png, id=587, 753.41475pt x 337.26pt>
File: figures/Remove.png Graphic file (type png)
<use figures/Remove.png>
Package pdftex.def Info: figures/Remove.png  used on input line 91.
(pdftex.def)             Requested size: 489.71379pt x 219.2164pt.

Overfull \hbox (48.69606pt too wide) in paragraph at lines 91--92
 [] 
 []


LaTeX Warning: `!h' float specifier changed to `!ht'.

[9] [10 <./figures/Add1.png> <./figures/Add2.png>] [11 <./figures/Update.png> <
./figures/Remove.png>]
<figures/Ratchet tree.png, id=606, 348.70274pt x 318.59026pt>
File: figures/Ratchet tree.png Graphic file (type png)
<use figures/Ratchet tree.png>
Package pdftex.def Info: figures/Ratchet tree.png  used on input line 117.
(pdftex.def)             Requested size: 226.65408pt x 207.0812pt.
 [12 <./figures/Ratchet tree.png>]
<figures/tree.png, id=612, 197.23688pt x 116.68594pt>
File: figures/tree.png Graphic file (type png)
<use figures/tree.png>
Package pdftex.def Info: figures/tree.png  used on input line 178.
(pdftex.def)             Requested size: 197.23637pt x 116.68564pt.


LaTeX Warning: `!h' float specifier changed to `!ht'.

[13]
<figures/path-secret.png, id=622, 377.91188pt x 88.07906pt>
File: figures/path-secret.png Graphic file (type png)
<use figures/path-secret.png>
Package pdftex.def Info: figures/path-secret.png  used on input line 207.
(pdftex.def)             Requested size: 377.91095pt x 88.07883pt.
 [14 <./figures/tree.png> <./figures/path-secret.png>]
<figures/Update-tree.png, id=634, 399.74344pt x 119.69719pt>
File: figures/Update-tree.png Graphic file (type png)
<use figures/Update-tree.png>
Package pdftex.def Info: figures/Update-tree.png  used on input line 222.
(pdftex.def)             Requested size: 399.74245pt x 119.69688pt.
<figures/Update-message.png, id=636, 378.66469pt x 30.1125pt>
File: figures/Update-message.png Graphic file (type png)
<use figures/Update-message.png>
Package pdftex.def Info: figures/Update-message.png  used on input line 234.
(pdftex.def)             Requested size: 378.66376pt x 30.11241pt.
<figures/Update-copath.png, id=639, 196.48407pt x 109.91063pt>
File: figures/Update-copath.png Graphic file (type png)
<use figures/Update-copath.png>
Package pdftex.def Info: figures/Update-copath.png  used on input line 251.
(pdftex.def)             Requested size: 196.48358pt x 109.91034pt.


LaTeX Warning: `!h' float specifier changed to `!ht'.

[15 <./figures/Update-tree.png> <./figures/Update-message.png>]
<figures/init.png, id=648, 316.93407pt x 137.7647pt>
File: figures/init.png Graphic file (type png)
<use figures/init.png>
Package pdftex.def Info: figures/init.png  used on input line 266.
(pdftex.def)             Requested size: 316.93329pt x 137.76434pt.
<figures/Remove-tree.png, id=650, 462.97969pt x 120.45pt>
File: figures/Remove-tree.png Graphic file (type png)
<use figures/Remove-tree.png>
Package pdftex.def Info: figures/Remove-tree.png  used on input line 281.
(pdftex.def)             Requested size: 462.97855pt x 120.44969pt.

Overfull \hbox (21.96082pt too wide) in paragraph at lines 281--282
 [] 
 []


LaTeX Warning: `!h' float specifier changed to `!ht'.

[16 <./figures/Update-copath.png> <./figures/init.png>]
<figures/Add-tree.png, id=659, 345.54094pt x 146.04562pt>
File: figures/Add-tree.png Graphic file (type png)
<use figures/Add-tree.png>
Package pdftex.def Info: figures/Add-tree.png  used on input line 299.
(pdftex.def)             Requested size: 345.54008pt x 146.04524pt.
) [17 <./figures/Remove-tree.png> <./figures/Add-tree.png>]
Ch\uhorn \ohorn ng 3.
(chapters/chap3_phan_tich_va_thiet_ke.tex) [18

]
Ch\uhorn \ohorn ng 4.
(chapters/chap4_hien_thuc.tex

LaTeX Warning: Reference `fig:system-architecture' on page 19 undefined on inpu
t line 18.

<figures/architecture-implementation.png, id=672, 1367.1075pt x 855.195pt>
File: figures/architecture-implementation.png Graphic file (type png)
<use figures/architecture-implementation.png>
Package pdftex.def Info: figures/architecture-implementation.png  used on input
 line 23.
(pdftex.def)             Requested size: 410.13542pt x 256.56049pt.
[19

]

LaTeX Warning: Citation 'nodejs-performance' on page 20 undefined on input line
 45.

[20 <./figures/architecture-implementation.png>]

LaTeX Warning: Citation 'mccune2011node' on page 21 undefined on input line 47.


<figures/material-chart-survey.png, id=696, 484.05844pt x 320.69812pt>
File: figures/material-chart-survey.png Graphic file (type png)
<use figures/material-chart-survey.png>
Package pdftex.def Info: figures/material-chart-survey.png  used on input line 
59.
(pdftex.def)             Requested size: 387.24727pt x 256.55884pt.

LaTeX Warning: Citation '6106531' on page 21 undefined on input line 69.

[21]

LaTeX Warning: Citation '5235364' on page 22 undefined on input line 83.


LaTeX Warning: Citation '8441990' on page 22 undefined on input line 83.

[22 <./figures/material-chart-survey.png>]
LaTeX Font Info:    Trying to load font information for T5+pcr on input line 11
7.

("C:\Users\Trung Hau\AppData\Local\Programs\MiKTeX 2.9\tex/latex/vntex/tex/late
x\t5pcr.fd"
File: t5ucr.fd 2005/08/24 Fontinst v1.929 font definitions for T5/pcr.
)
LaTeX Font Info:    Trying to load font information for TS1+pcr on input line 1
18.

("C:\Users\Trung Hau\AppData\Local\Programs\MiKTeX 2.9\tex/latex/psnfss\ts1pcr.
fd"
File: ts1pcr.fd 2001/06/04 font definitions for TS1/pcr.
) [23] [24] [25] [26]
<figures/ui-wallet.png, id=867, 1342.01375pt x 581.17125pt>
File: figures/ui-wallet.png Graphic file (type png)
<use figures/ui-wallet.png>
Package pdftex.def Info: figures/ui-wallet.png  used on input line 311.
(pdftex.def)             Requested size: 429.45317pt x 185.97859pt.
<figures/ui-add-verifier.png, id=869, 1283.79625pt x 361.35pt>
File: figures/ui-add-verifier.png Graphic file (type png)
<use figures/ui-add-verifier.png>
Package pdftex.def Info: figures/ui-add-verifier.png  used on input line 321.
(pdftex.def)             Requested size: 436.48495pt x 122.85738pt.
<figures/ui-register-identity.png, id=871, 1280.785pt x 612.2875pt>
File: figures/ui-register-identity.png Graphic file (type png)
<use figures/ui-register-identity.png>
Package pdftex.def Info: figures/ui-register-identity.png  used on input line 3
31.
(pdftex.def)             Requested size: 422.66035pt x 202.0555pt.
<figures/ui-metamask-confirm-1.png, id=873, 356.33125pt x 616.3025pt>
File: figures/ui-metamask-confirm-1.png Graphic file (type png)
<use figures/ui-metamask-confirm-1.png>
Package pdftex.def Info: figures/ui-metamask-confirm-1.png  used on input line 
342.
(pdftex.def)             Requested size: 178.16518pt x 308.1505pt.
 [27 <./figures/ui-wallet.png> <./figures/ui-add-verifier.png>]
<figures/ui-transaction-detail.png, id=882, 841.1425pt x 488.82625pt>
File: figures/ui-transaction-detail.png Graphic file (type png)
<use figures/ui-transaction-detail.png>
Package pdftex.def Info: figures/ui-transaction-detail.png  used on input line 
352.
(pdftex.def)             Requested size: 420.57022pt x 244.41252pt.
 [28 <./figures/ui-register-identity.png> <./figures/ui-metamask-confirm-1.png>
]
<figures/ui-list-user.png, id=891, 1284.8pt x 320.69812pt>
File: figures/ui-list-user.png Graphic file (type png)
<use figures/ui-list-user.png>
Package pdftex.def Info: figures/ui-list-user.png  used on input line 362.
(pdftex.def)             Requested size: 436.82622pt x 109.0359pt.
<figures/ui-identity-view.png, id=893, 616.3025pt x 357.83687pt>
File: figures/ui-identity-view.png Graphic file (type png)
<use figures/ui-identity-view.png>
Package pdftex.def Info: figures/ui-identity-view.png  used on input line 372.
(pdftex.def)             Requested size: 431.40881pt x 250.48409pt.
<figures/ui-create-campaign.jpg, id=895, 879.285pt x 1013.7875pt>
File: figures/ui-create-campaign.jpg Graphic file (type jpg)
<use figures/ui-create-campaign.jpg>
Package pdftex.def Info: figures/ui-create-campaign.jpg  used on input line 382
.
(pdftex.def)             Requested size: 439.64143pt x 506.89252pt.
<figures/ui-campaign-pending.png, id=897, 1279.78125pt x 615.29875pt>
File: figures/ui-campaign-pending.png Graphic file (type png)
<use figures/ui-campaign-pending.png>
Package pdftex.def Info: figures/ui-campaign-pending.png  used on input line 39
2.
(pdftex.def)             Requested size: 435.11987pt x 209.1988pt.
 [29 <./figures/ui-transaction-detail.png> <./figures/ui-list-user.png>]
<figures/ui-list-campaign.png, id=905, 1281.78876pt x 619.31375pt>
File: figures/ui-list-campaign.png Graphic file (type png)
<use figures/ui-list-campaign.png>
Package pdftex.def Info: figures/ui-list-campaign.png  used on input line 402.
(pdftex.def)             Requested size: 435.80241pt x 210.56389pt.
<figures/ui-detail-campaign.png, id=907, 1274.7625pt x 618.31pt>
File: figures/ui-detail-campaign.png Graphic file (type png)
<use figures/ui-detail-campaign.png>
Package pdftex.def Info: figures/ui-detail-campaign.png  used on input line 412
.
(pdftex.def)             Requested size: 433.41351pt x 210.22261pt.
 [30 <./figures/ui-identity-view.png>] [31 <./figures/ui-create-campaign.jpg>] 
[32 <./figures/ui-campaign-pending.png> <./figures/ui-list-campaign.png>]
[33 <./figures/ui-detail-campaign.png>]
<figures/result-one-stage.png, id=947, 352.31625pt x 162.6075pt>
File: figures/result-one-stage.png Graphic file (type png)
<use figures/result-one-stage.png>
Package pdftex.def Info: figures/result-one-stage.png  used on input line 476.
(pdftex.def)             Requested size: 352.31538pt x 162.6071pt.
<figures/result-multi-stage-1.png, id=949, 390.70969pt x 262.73157pt>
File: figures/result-multi-stage-1.png Graphic file (type png)
<use figures/result-multi-stage-1.png>
Package pdftex.def Info: figures/result-multi-stage-1.png  used on input line 4
87.
(pdftex.def)             Requested size: 195.35435pt x 131.36545pt.
<figures/result-multi-stage-2.png, id=950, 401.24907pt x 305.64188pt>
File: figures/result-multi-stage-2.png Graphic file (type png)
<use figures/result-multi-stage-2.png>
Package pdftex.def Info: figures/result-multi-stage-2.png  used on input line 4
89.
(pdftex.def)             Requested size: 200.62404pt x 152.82056pt.
 [34 <./figures/result-one-stage.png (PNG copy)>]

LaTeX Warning: Citation 'rouhani2017performance' on page 35 undefined on input 
line 498.

[35 <./figures/result-multi-stage-1.png (PNG copy)> <./figures/result-multi-sta
ge-2.png (PNG copy)>]
<figures/result-time-perform-chart.png, id=971, 768.471pt x 779.0706pt>
File: figures/result-time-perform-chart.png Graphic file (type png)
<use figures/result-time-perform-chart.png>
Package pdftex.def Info: figures/result-time-perform-chart.png  used on input l
ine 561.
(pdftex.def)             Requested size: 384.23456pt x 389.53435pt.
 [36]
<figures/result-perform-cost-1.png, id=980, 403.5075pt x 180.675pt>
File: figures/result-perform-cost-1.png Graphic file (type png)
<use figures/result-perform-cost-1.png>
Package pdftex.def Info: figures/result-perform-cost-1.png  used on input line 
620.
(pdftex.def)             Requested size: 322.80644pt x 144.54018pt.
 [37 <./figures/result-time-perform-chart.png

pdfTeX warning: pdflatex (file ./figures/result-time-perform-chart.png): large 
interlaced PNG might cause out of memory (use non-interlaced PNG to fix this)
>] [38] [39 <./figures/result-perform-cost-1.png (PNG copy)>]

LaTeX Warning: Citation 'atzei2016survey' on page 40 undefined on input line 68
4.


Overfull \hbox (13.13245pt too wide) in paragraph at lines 684--685
[]\T5/ptm/m/n/10 Cc l hng ph bin c nhm tc gi tham kho t cng trnh
 kho st ca tc gi Nicola Atzei [],
 []


LaTeX Warning: Citation 'atzei2016survey' on page 40 undefined on input line 70
6.

[40] [41]

LaTeX Warning: Citation '8728953' on page 42 undefined on input line 780.


LaTeX Warning: Citation 'dika2017ethereum' on page 42 undefined on input line 7
80.


LaTeX Warning: Citation 'dika2017ethereum' on page 42 undefined on input line 7
91.

[42]
<figures/result-remix-ide.png, id=1049, 697.10437pt x 526.96875pt>
File: figures/result-remix-ide.png Graphic file (type png)
<use figures/result-remix-ide.png>
Package pdftex.def Info: figures/result-remix-ide.png  used on input line 815.
(pdftex.def)             Requested size: 418.26584pt x 316.18369pt.
<figures/result-slither.png, id=1051, 522.45187pt x 475.7775pt>
File: figures/result-slither.png Graphic file (type png)
<use figures/result-slither.png>
Package pdftex.def Info: figures/result-slither.png  used on input line 825.
(pdftex.def)             Requested size: 417.96207pt x 380.6225pt.
 [43 <./figures/result-remix-ide.png (PNG copy)>]
<figures/result-smartcheck.png, id=1059, 1023.825pt x 494.59781pt>
File: figures/result-smartcheck.png Graphic file (type png)
<use figures/result-smartcheck.png>
Package pdftex.def Info: figures/result-smartcheck.png  used on input line 835.

(pdftex.def)             Requested size: 409.52274pt x 197.8356pt.
 [44 <./figures/result-slither.png (PNG copy)>]) [45 <./figures/result-smartche
ck.png (PNG copy)>]
Ch\uhorn \ohorn ng 5.
(chapters/chap5_ket_luan.tex [46

]) [47]

LaTeX Warning: Empty bibliography on input line 171.

(pages/Appendix.tex
Ph\d {u} l\d {u}c A.
[48


]
Package textcomp Info: Symbol \textasciigrave not provided by
(textcomp)             font family pcr in TS1 encoding.
(textcomp)             Default family used instead on input line 80.
LaTeX Font Info:    Trying to load font information for T5+cmtt on input line 8
0.

("C:\Users\Trung Hau\AppData\Local\Programs\MiKTeX 2.9\tex/latex/vntex/tex/late
x\t5cmtt.fd"
File: t5cmtt.fd 1999/05/25 v2.5h Standard LaTeX font definitions
)
LaTeX Font Info:    Trying to load font information for TS1+cmtt on input line 
80.

("C:\Users\Trung Hau\AppData\Local\Programs\MiKTeX 2.9\tex/latex/base\ts1cmtt.f
d"
File: ts1cmtt.fd 2019/12/16 v2.5j Standard LaTeX font definitions
)
Package textcomp Info: Symbol \textasciigrave not provided by
(textcomp)             font family pcr in TS1 encoding.
(textcomp)             Default family used instead on input line 80.
Package textcomp Info: Symbol \textasciigrave not provided by
(textcomp)             font family pcr in TS1 encoding.
(textcomp)             Default family used instead on input line 109.
Package textcomp Info: Symbol \textasciigrave not provided by
(textcomp)             font family pcr in TS1 encoding.
(textcomp)             Default family used instead on input line 109.
 [49] [50]
Ph\d {u} l\d {u}c B.
[51

] [52] [53] [54] [55] [56] [57]
Ph\d {u} l\d {u}c C.
[58

] [59]
Package textcomp Info: Symbol \textasciigrave not provided by
(textcomp)             font family pcr in TS1 encoding.
(textcomp)             Default family used instead on input line 658.
Package textcomp Info: Symbol \textasciigrave not provided by
(textcomp)             font family pcr in TS1 encoding.
(textcomp)             Default family used instead on input line 658.
Package textcomp Info: Symbol \textasciigrave not provided by
(textcomp)             font family pcr in TS1 encoding.
(textcomp)             Default family used instead on input line 658.
Package textcomp Info: Symbol \textasciigrave not provided by
(textcomp)             font family pcr in TS1 encoding.
(textcomp)             Default family used instead on input line 658.
 [60]
Package textcomp Info: Symbol \textasciigrave not provided by
(textcomp)             font family pcr in TS1 encoding.
(textcomp)             Default family used instead on input line 718.
Package textcomp Info: Symbol \textasciigrave not provided by
(textcomp)             font family pcr in TS1 encoding.
(textcomp)             Default family used instead on input line 718.
Package textcomp Info: Symbol \textasciigrave not provided by
(textcomp)             font family pcr in TS1 encoding.
(textcomp)             Default family used instead on input line 731.
Package textcomp Info: Symbol \textasciigrave not provided by
(textcomp)             font family pcr in TS1 encoding.
(textcomp)             Default family used instead on input line 731.
Package textcomp Info: Symbol \textasciigrave not provided by
(textcomp)             font family pcr in TS1 encoding.
(textcomp)             Default family used instead on input line 745.
Package textcomp Info: Symbol \textasciigrave not provided by
(textcomp)             font family pcr in TS1 encoding.
(textcomp)             Default family used instead on input line 745.
 [61]
Ph\d {u} l\d {u}c D.
[62

]
Package textcomp Info: Symbol \textasciigrave not provided by
(textcomp)             font family pcr in TS1 encoding.
(textcomp)             Default family used instead on input line 838.
Package textcomp Info: Symbol \textasciigrave not provided by
(textcomp)             font family pcr in TS1 encoding.
(textcomp)             Default family used instead on input line 838.
 [63])
Package atveryend Info: Empty hook `BeforeClearDocument' on input line 178.
 [64]
Package atveryend Info: Empty hook `AfterLastShipout' on input line 178.
 (main-report.aux)
Package atveryend Info: Executing hook `AtVeryEndDocument' on input line 178.
Package atveryend Info: Executing hook `AtEndAfterFileList' on input line 178.
Package rerunfilecheck Info: File `main-report.out' has not changed.
(rerunfilecheck)             Checksum: 743EA8640CDEA4BD51AF102F8CC4F256;15887.


LaTeX Warning: There were undefined references.


LaTeX Warning: There were multiply-defined labels.

Package atveryend Info: Empty hook `AtVeryVeryEnd' on input line 178.

Package biblatex Warning: Please (re)run Biber on the file:
(biblatex)                main-report
(biblatex)                and rerun LaTeX afterwards.

Package logreq Info: Writing requests to 'main-report.run.xml'.
\openout1 = `main-report.run.xml'.

 ) 
Here is how much of TeX's memory you used:
 27942 strings out of 480799
 459493 string characters out of 2893915
 1505474 words of memory out of 3000000
 42160 multiletter control sequences out of 15000+200000
 582000 words of font info for 75 fonts, out of 3000000 for 9000
 1141 hyphenation exceptions out of 8191
 78i,15n,78p,1928b,2126s stack positions out of 5000i,500n,10000p,200000b,50000s
 <C:\Users\Trung Hau\AppData\Local\MiKTeX\2.9\fonts/pk/ljfour/jknappen/ec/dpi
525\tctt0800.pk>{C:/Users/Trung Hau/AppData/Local/Programs/MiKTeX 2.9/fonts/enc
/dvips/base/8r.enc}{C:/Users/Trung Hau/AppData/Local/Programs/MiKTeX 2.9/fonts/
enc/dvips/vntex/t5.enc}<C:/Users/Trung Hau/AppData/Local/Programs/MiKTeX 2.9/fo
nts/type1/public/amsfonts/cm/cmmi10.pfb><C:/Users/Trung Hau/AppData/Local/Progr
ams/MiKTeX 2.9/fonts/type1/public/amsfonts/cm/cmmi7.pfb><C:/Users/Trung Hau/App
Data/Local/Programs/MiKTeX 2.9/fonts/type1/public/amsfonts/cm/cmr10.pfb><C:/Use
rs/Trung Hau/AppData/Local/Programs/MiKTeX 2.9/fonts/type1/public/amsfonts/cm/c
mr7.pfb><C:/Users/Trung Hau/AppData/Local/Programs/MiKTeX 2.9/fonts/type1/publi
c/amsfonts/cm/cmsy10.pfb><C:/Users/Trung Hau/AppData/Local/Programs/MiKTeX 2.9/
fonts/type1/urw/courier/ucrr8a.pfb><C:/Users/Trung Hau/AppData/Local/Programs/M
iKTeX 2.9/fonts/type1/vntex/urwvn/ucrr8v.pfb><C:/Users/Trung Hau/AppData/Local/
Programs/MiKTeX 2.9/fonts/type1/vntex/urwvn/utmb8v.pfb><C:/Users/Trung Hau/AppD
ata/Local/Programs/MiKTeX 2.9/fonts/type1/urw/times/utmr8a.pfb><C:/Users/Trung 
Hau/AppData/Local/Programs/MiKTeX 2.9/fonts/type1/vntex/urwvn/utmr8v.pfb><C:/Us
ers/Trung Hau/AppData/Local/Programs/MiKTeX 2.9/fonts/type1/vntex/urwvn/utmri8v
.pfb>
Output written on main-report.pdf (76 pages, 3688172 bytes).
PDF statistics:
 2350 PDF objects out of 2487 (max. 8388607)
 1285 named destinations out of 1440 (max. 500000)
 836 words of extra memory for PDF output out of 10000 (max. 10000000)

